
ROM used:   771/8192 (9%)
            771/8192 (9%) including unused fragments

            0.2 Average locations per line
            1.4 Average locations per statement

RAM used:   24/368 (7%) at main() level
            43/368 (12%) worst case

Stack used: 4 worst case (4 in main + 0 for interrupts)
Stack size: 8

Lines Stmts  %   Files
----- ----- ---  -----
  113    28   5  main.c
   10     0   0  main.h
  672     0   0  ..\..\..\..\..\..\Program Files (x86)\PICC\Devices\16F877A.h
  456    84  16  ..\..\..\..\..\..\Program Files (x86)\PICC\Drivers\LCD.c
  423   125  23  ..\..\..\..\..\..\Program Files (x86)\PICC\Drivers\string.h
   32     0   0  ..\..\..\..\..\..\Program Files (x86)\PICC\Drivers\stddef.h
   28     0   0  ..\..\..\..\..\..\Program Files (x86)\PICC\Drivers\ctype.h
  135    43   8  ..\..\..\..\..\..\Program Files (x86)\PICC\Drivers\kbd4x4.c
 2229   257  48  ..\..\..\..\..\..\Program Files (x86)\PICC\Drivers\math.h
----- -----
 4098   537 Total

Page ROM  %  RAM    Vol Diff  Functions:
---- --- --- ---    --- ----  ----------
0     20   3    1             @delay_ms1
 Inline         3    596  5.9  lcd_read_byte
0      6   1    0     59  4.2  lcd_read_nibble
0     17   2    1    179  3.3  lcd_send_nibble
0     66   9    3    460  4.7  lcd_send_byte
0     62   8    6    814  7.2  lcd_init
0     18   2    4    208  6.3  lcd_gotoxy
0     44   6    1    354  4.7  lcd_putc
0      3   0    0      3  0.0  kbd_init
0     33   4    4             @SFTOI
0     31   4    2             @ITOF
0    119  15   13             @MULFF
0    174  23    1    769  6.2  MAIN
0      9   1    0             @const920
0     89  12    5             @PSTRINGCN7_647
0     21   3    3             @DIV88
0     55   7    2             @PRINTF_U_647
 Inline         0             @cinit1

Program metrics:
    Functions               9
    Statements              537
    Comments                687
    Volume (V)              5192
    Difficulty (D)          41.1
    Effort to implement (E) 213174
    Time to implement (T)   3 hours, 17 minutes
    Est Delivered Bugs (B)  1
    Cyclomatic Complexity   11
    Maintainability (MI)    113

 Segment     Used  Free
-----------  ----  ----
00000-00003     4  0  
00004-007FF   767  1277  
00800-00FFF     0  2048  
01000-017FF     0  2048  
01800-01FFF     0  2048  



