
ROM used:   1720/8192 (21%)
            1720/8192 (21%) including unused fragments

            1.4 Average locations per line
            15.0 Average locations per statement

RAM used:   13/368 (4%) at main() level
            71/368 (19%) worst case

Stack used: 4 worst case (4 in main + 0 for interrupts)
Stack size: 8

Lines Stmts  %   Files
----- ----- ---  -----
   34    10   9  termocupla.c
  672     0   0  ..\..\..\..\Program Files (x86)\PICC\Devices\16f877a.h
  456    84  73  ..\..\..\..\Program Files (x86)\PICC\Drivers\lcd.c
   88    21  18  ..\..\..\..\Program Files (x86)\PICC\Drivers\max6675.c
----- -----
 1250   115 Total

Page ROM  %  RAM    Vol Diff  Functions:
---- --- --- ---    --- ----  ----------
0     21   1    1    149  1.8  @delay_ms1
 Inline         3    596  5.9  lcd_read_byte
0      6   0    0     59  4.2  lcd_read_nibble
0     12   1    1    179  3.3  lcd_send_nibble
0     64   4    3    460  4.7  lcd_send_byte
0     62   4    6    814  7.2  lcd_init
0     18   1    4    208  6.3  lcd_gotoxy
0     44   3    1    354  4.7  lcd_putc
 Inline         0     54  1.2  init_TC
 Inline         3    430  4.7  read_TC
 Inline         2     48  2.1  sortout
 Inline         6     59  2.0  toFloat_TC
 Inline         2    365  8.1  @ITOF
 Inline        16    336  7.1  @ADDFF
 Inline        14     43  2.1  @DIVFF
0    714  42    2     70  1.6  do_everything
0    116   7    4    285  2.7  MAIN
0     13   1    1             @SPRINTF
0    117   7   13   1071  8.0  @MULFF
0     31   2    5    236  7.1  @FTOSD
0     79   5   13    478  5.9  @DIV3232
0    197  11   13             @PRINTF_L32D_687FPFPF
0    197  11   13    102  2.8  @PRINTF_L32D_651FPFPF
0     25   1    2    556  7.5  @PSTRINGR_9600_62_63
 Inline         0    556  7.5  @cinit1

Program metrics:
    Functions               23
    Statements              115
    Comments                256
    Volume (V)              13302
    Difficulty (D)          109.1
    Effort to implement (E) 1451345
    Time to implement (T)   22 hours, 24 minutes
    Est Delivered Bugs (B)  4
    Cyclomatic Complexity   32
    Maintainability (MI)    67

 Segment     Used  Free
-----------  ----  ----
00000-00003     4  0  
00004-007FF  1716  328  
00800-00FFF     0  2048  
01000-017FF     0  2048  
01800-01FFF     0  2048  



