
ROM used:   2427/8192 (30%)
            3479/8192 (42%) including unused fragments

            0.5 Average locations per line
            3.2 Average locations per statement

RAM used:   41/368 (11%) at main() level
            59/368 (16%) worst case

Stack used: 5 worst case (5 in main + 0 for interrupts)
Stack size: 8

Lines Stmts  %   Files
----- ----- ---  -----
  492   261  34  parcial2.c
  672     0   0  ..\..\..\..\Program Files (x86)\PICC\Devices\16f877a.h
  456    84  11  ..\..\..\..\Program Files (x86)\PICC\Drivers\lcd.c
 2229   257  33  ..\..\..\..\Program Files (x86)\PICC\Drivers\math.h
  135    43   6  ..\..\..\..\Program Files (x86)\PICC\Drivers\kbd4x4.c
  423   125  16  ..\..\..\..\Program Files (x86)\PICC\Drivers\string.h
   32     0   0  ..\..\..\..\Program Files (x86)\PICC\Drivers\stddef.h
   28     0   0  ..\..\..\..\Program Files (x86)\PICC\Drivers\ctype.h
----- -----
 4467   770 Total

Page ROM  %  RAM    Vol Diff  Functions:
---- --- --- ---    --- ----  ----------
0     21   1    1             @delay_ms1
 Inline         3    596  5.9  lcd_read_byte
0      6   0    0     59  4.2  lcd_read_nibble
0     12   0    1    179  3.3  lcd_send_nibble
0     64   3    3    460  4.7  lcd_send_byte
0     62   3    6    814  7.2  lcd_init
0     18   1    4    208  6.3  lcd_gotoxy
0     44   2    1    354  4.7  lcd_putc
0     31   1    4             @SFTOI
0     29   1    2             @ITOF
0    117   5   13             @MULFF
0     20   1    0             @const803
0      3   0    0      3  0.0  kbd_init
0    103   4    3   6007 10.5  kbd_getc
0      8   0    0             @goto11151
0     78   3    9    336  7.1  strstr
1   1421  59    2   8912  9.4  MAIN
0      3   0    0             @const937
0     86   4    4             @PSTRINGC7_648
0      2   0    0             @const939
0      5   0    0             @const940
0      3   0    0             @const941
0      3   0    0             @const942
0      5   0    0             @const943
0      2   0    0             @const944
0      5   0    0             @const945
0      4   0    0             @const946
0      2   0    0             @const947
0      4   0    0             @const948
0      4   0    0             @const949
0      5   0    0             @const950
0      2   0    0             @const951
0      3   0    0             @const952
0     99   4    9             @PRINTF_LU_648
0      5   0    0             @const956
0      4   0    0             @const958
0      3   0    0             @const960
0      3   0    0             @const961
0      5   0    0             @const963
0      4   0    0             @const965
1     10   0    0             @goto11755
0     16   1    0     84  2.4  electro
0     33   1    1    167  3.1  lat
0     33   1    1    167  3.1  capuchi
0     33   1    1    167  3.1  exp
 Inline         0             @cinit1

Program metrics:
    Functions               15
    Statements              770
    Comments                674
    Volume (V)              24705
    Difficulty (D)          71.4
    Effort to implement (E) 1764804
    Time to implement (T)   27 hours, 14 minutes
    Est Delivered Bugs (B)  5
    Cyclomatic Complexity   54
    Maintainability (MI)    27

 Segment     Used  Free
-----------  ----  ----
00000-00003     4  0  
00004-007FF   992  1052  
00800-00FFF  1431  617  
01000-017FF     0  2048  
01800-01FFF     0  2048  



