
ROM used:   219/8192 (3%)
            219/8192 (3%) including unused fragments

            0.3 Average locations per line
            3.5 Average locations per statement

RAM used:   13/368 (4%) at main() level
            13/368 (4%) worst case

Stack used: 1 worst case (0 in main + 1 for interrupts)
Stack size: 8

Lines Stmts  %   Files
----- ----- ---  -----
  121    62 100  piano.c
   10     0   0  piano.h
  672     0   0  ..\..\..\..\..\Program Files (x86)\PICC\Devices\16F877A.h
----- -----
  803    62 Total

Page ROM  %  RAM    Vol Diff  Functions:
---- --- --- ---    --- ----  ----------
0      9   4    0     17  0.8  timer2_interrupcion
0    161  74    1   1942  3.9  MAIN
 Inline         0             @cinit1

Program metrics:
    Functions               2
    Statements              62
    Comments                129
    Volume (V)              2009
    Difficulty (D)          5.3
    Effort to implement (E) 10610
    Time to implement (T)   10 minutes
    Est Delivered Bugs (B)  0
    Cyclomatic Complexity   7
    Maintainability (MI)    72

 Segment     Used  Free
-----------  ----  ----
00000-00003     4  0  
00004-00030    45  0  
00031-007FF   170  1829  
00800-00FFF     0  2048  
01000-017FF     0  2048  
01800-01FFF     0  2048  



