
ROM used:   2209/8192 (27%)
            2897/8192 (35%) including unused fragments

            0.5 Average locations per line
            3.5 Average locations per statement

RAM used:   25/368 (7%) at main() level
            60/368 (16%) worst case

Stack used: 5 worst case (5 in main + 0 for interrupts)
Stack size: 8

Lines Stmts  %   Files
----- ----- ---  -----
  224   128  20  main.c
   10     0   0  main.h
  672     0   0  ..\..\..\..\..\Program Files (x86)\PICC\Devices\16F877A.h
  456    84  13  ..\..\..\..\..\Program Files (x86)\PICC\Drivers\lcd.c
 2229   257  40  ..\..\..\..\..\Program Files (x86)\PICC\Drivers\math.h
  423   125  20  ..\..\..\..\..\Program Files (x86)\PICC\Drivers\string.h
   32     0   0  ..\..\..\..\..\Program Files (x86)\PICC\Drivers\stddef.h
   28     0   0  ..\..\..\..\..\Program Files (x86)\PICC\Drivers\ctype.h
  135    43   7  ..\..\..\..\..\Program Files (x86)\PICC\Drivers\kbd4x4.c
----- -----
 4209   637 Total

Page ROM  %  RAM    Vol Diff  Functions:
---- --- --- ---    --- ----  ----------
0     20   1    1             @delay_ms1
 Inline         3    596  5.9  lcd_read_byte
0      6   0    0     59  4.2  lcd_read_nibble
0     17   1    1    179  3.3  lcd_send_nibble
0     66   3    3    460  4.7  lcd_send_byte
0     62   3    6    814  7.2  lcd_init
0     18   1    4    208  6.3  lcd_gotoxy
0     44   2    1    354  4.7  lcd_putc
0     65   3   10             @FLT
0     33   1    4             @SFTOI
0     29   1    2             @ITOF
0    117   5   13             @MULFF
0     78   4    9    336  7.1  strstr
0     20   1    0             @const897
0      3   0    0      3  0.0  kbd_init
0    103   5    3   5861 10.2  kbd_getc
0      8   0    0             @goto11508
1    849  38    2   4763 10.0  MAIN
0     23   1    5             @MUL1616
0      9   0    0             @const926
0     87   4    5             @PSTRINGCN7_647
0     21   1    3             @DIV88
0     53   2    2             @PRINTF_U_647
0      8   0    0             @const935
0     86   4    4             @PSTRINGC7_647
0      8   0    0             @const937
0      6   0    0             @const938
0      9   0    0             @const939
0      8   0    0             @const940
0     10   0    0             @const941
 Inline         5             @FTOSD
0     79   4   13             @DIV3232
0    224  10   13             @PRINTF_L32D_647FPFPF
0      8   0    0             @const950
0      8   0    0             @const951
0      6   0    0             @const952
0      6   0    0             @const953
0      8   0    0             @const954
 Inline         0             @cinit1

Program metrics:
    Functions               11
    Statements              637
    Comments                653
    Volume (V)              18231
    Difficulty (D)          59.6
    Effort to implement (E) 1086097
    Time to implement (T)   16 hours, 46 minutes
    Est Delivered Bugs (B)  4
    Cyclomatic Complexity   35
    Maintainability (MI)    37

 Segment     Used  Free
-----------  ----  ----
00000-00003     4  0  
00004-007FF  1356  688  
00800-00FFF   849  1199  
01000-017FF     0  2048  
01800-01FFF     0  2048  



